<?xml version="1.0" encoding="UTF-8"?>
<testsuite xmlns:xsi="http://www.w3.org/2001/XMLSchema-instance" xsi:noNamespaceSchemaLocation="https://maven.apache.org/surefire/maven-surefire-plugin/xsd/surefire-test-report-3.0.xsd" version="3.0" name="com.ultikits.plugins.economy.entity.PlayerAccountEntityTest" time="0.014" tests="4" errors="0" skipped="0" failures="0">
  <properties>
[...]
</properties>
  <testcase name="shouldAllowSetters" classname="com.ultikits.plugins.economy.entity.PlayerAccountEntityTest" time="0.004"/>
  <testcase name="shouldDefaultToZero" classname="com.ultikits.plugins.economy.entity.PlayerAccountEntityTest" time="0.001"/>
  <testcase name="shouldCalculateTotalWealth" classname="com.ultikits.plugins.economy.entity.PlayerAccountEntityTest" time="0.002"/>
  <testcase name="shouldCreateWithBuilder" classname="com.ultikits.plugins.economy.entity.PlayerAccountEntityTest" time="0.001"/>
</testsuite>